生成启动时间为 2014/1/2 08:41:50。
     1>项目“C:\昊琦\程序\study\Glutton Snake\Glutton Snake\Glutton Snake\Glutton Snake.vcxproj”在节点 2 上(build 个目标)。
     1>InitializeBuildStatus:
         正在创建“Debug\Glutton Snake.unsuccessfulbuild”，因为已指定“AlwaysCreate”。
       ClCompile:
         c:\Program Files (x86)\Microsoft Visual Studio 10.0\VC\bin\CL.exe /c /ZI /nologo /W3 /WX- /Od /Oy- /D WIN32 /D _DEBUG /D _CONSOLE /D _UNICODE /D UNICODE /Gm /EHsc /RTC1 /MDd /GS /fp:precise /Zc:wchar_t /Zc:forScope /Fo"Debug\\" /Fd"Debug\vc100.pdb" /Gd /TP /analyze- /errorReport:prompt GS.cpp GS_main.cpp GS_over.cpp
         GS_over.cpp
     1>c:\昊琦\程序\study\glutton snake\glutton snake\glutton snake\gs_over.cpp(79): warning C4244: “参数”: 从“float”转换到“int”，可能丢失数据
     1>c:\昊琦\程序\study\glutton snake\glutton snake\glutton snake\gs_over.cpp(79): warning C4244: “参数”: 从“float”转换到“int”，可能丢失数据
     1>c:\昊琦\程序\study\glutton snake\glutton snake\glutton snake\gs_over.cpp(79): warning C4244: “参数”: 从“float”转换到“int”，可能丢失数据
     1>c:\昊琦\程序\study\glutton snake\glutton snake\glutton snake\gs_over.cpp(79): warning C4244: “参数”: 从“float”转换到“int”，可能丢失数据
     1>c:\昊琦\程序\study\glutton snake\glutton snake\glutton snake\gs_over.cpp(131): warning C4244: “初始化”: 从“int”转换到“float”，可能丢失数据
     1>c:\昊琦\程序\study\glutton snake\glutton snake\glutton snake\gs_over.cpp(131): warning C4244: “初始化”: 从“int”转换到“float”，可能丢失数据
     1>c:\昊琦\程序\study\glutton snake\glutton snake\glutton snake\gs_over.cpp(131): warning C4244: “初始化”: 从“int”转换到“float”，可能丢失数据
     1>c:\昊琦\程序\study\glutton snake\glutton snake\glutton snake\gs_over.cpp(136): warning C4244: “=”: 从“int”转换到“float”，可能丢失数据
     1>c:\昊琦\程序\study\glutton snake\glutton snake\glutton snake\gs_over.cpp(180): warning C4996: 'ege::swappage': This function is deprecated, more info visit http://tcgraphics.sourceforge.net/
                 c:\program files (x86)\microsoft visual studio 10.0\vc\include\ege.h(750) : 参见“ege::swappage”的声明
     1>c:\昊琦\程序\study\glutton snake\glutton snake\glutton snake\gs_over.cpp(186): warning C4996: 'ege::swappage': This function is deprecated, more info visit http://tcgraphics.sourceforge.net/
                 c:\program files (x86)\microsoft visual studio 10.0\vc\include\ege.h(750) : 参见“ege::swappage”的声明
         GS_main.cpp
         GS.cpp
     1>c:\昊琦\程序\study\glutton snake\glutton snake\glutton snake\gs.cpp(187): warning C4101: “i”: 未引用的局部变量
         正在生成代码...
       ManifestResourceCompile:
         c:\Program Files (x86)\Microsoft SDKs\Windows\v7.0A\bin\rc.exe /nologo /fo"Debug\Glutton Snake.exe.embed.manifest.res" "Debug\Glutton Snake_manifest.rc" 
       Link:
         c:\Program Files (x86)\Microsoft Visual Studio 10.0\VC\bin\link.exe /ERRORREPORT:PROMPT /OUT:"C:\昊琦\程序\study\Glutton Snake\Glutton Snake\Debug\Glutton Snake.exe" /INCREMENTAL /NOLOGO kernel32.lib user32.lib gdi32.lib winspool.lib comdlg32.lib advapi32.lib shell32.lib ole32.lib oleaut32.lib uuid.lib odbc32.lib odbccp32.lib /MANIFEST /ManifestFile:"Debug\Glutton Snake.exe.intermediate.manifest" /MANIFESTUAC:"level='asInvoker' uiAccess='false'" /DEBUG /PDB:"C:\昊琦\程序\study\Glutton Snake\Glutton Snake\Debug\Glutton Snake.pdb" /SUBSYSTEM:CONSOLE /TLBID:1 /DYNAMICBASE /NXCOMPAT /IMPLIB:"C:\昊琦\程序\study\Glutton Snake\Glutton Snake\Debug\Glutton Snake.lib" /MACHINE:X86 "Debug\Glutton Snake.exe.embed.manifest.res"
         Debug\GS.obj
         Debug\GS_main.obj
         Debug\GS_over.obj
       Manifest:
         c:\Program Files (x86)\Microsoft SDKs\Windows\v7.0A\bin\mt.exe /nologo /verbose /out:"Debug\Glutton Snake.exe.embed.manifest" /manifest "Debug\Glutton Snake.exe.intermediate.manifest"
         所有输出均为最新。
       LinkEmbedManifest:
         所有输出均为最新。
         Glutton Snake.vcxproj -> C:\昊琦\程序\study\Glutton Snake\Glutton Snake\Debug\Glutton Snake.exe
       FinalizeBuildStatus:
         正在删除文件“Debug\Glutton Snake.unsuccessfulbuild”。
         正在对“Debug\Glutton Snake.lastbuildstate”执行 Touch 任务。
     1>已完成生成项目“C:\昊琦\程序\study\Glutton Snake\Glutton Snake\Glutton Snake\Glutton Snake.vcxproj”(build 个目标)的操作。

生成成功。

已用时间 00:00:03.12
